<?xml version="1.0" encoding="UTF-8"?>
<!-- Generated by org.testng.reporters.JUnitReportReporter -->
<testsuite hostname="DESKTOP-6V7JA9S" name="timeEntryPackage.Fileread1" tests="1" failures="0" timestamp="15 Oct 2017 16:54:36 GMT" time="0.016" errors="0">
  <testcase name="file" time="0.016" classname="timeEntryPackage.Fileread1"/>
</testsuite> <!-- timeEntryPackage.Fileread1 -->
