<?xml version="1.0" encoding="UTF-8"?>
<!-- Generated by org.testng.reporters.JUnitReportReporter -->
<testsuite hostname="DESKTOP-6V7JA9S" name="timeEntryPackage.FileWrite" tests="1" failures="0" timestamp="15 Oct 2017 16:54:36 GMT" time="0.000" errors="0">
  <testcase name="fwrite" time="0.000" classname="timeEntryPackage.FileWrite"/>
</testsuite> <!-- timeEntryPackage.FileWrite -->
